<?xml version="1.0" encoding="UTF-8"?>
<!-- Generated by org.testng.reporters.JUnitReportReporter -->
<testsuite skipped="0" hostname="DESKTOP-QCV819S" name="utils.Assesment" tests="1" failures="0" timestamp="2022-06-07T11:39:40 IST" time="92.817" errors="0">
  <testcase name="a" time="92.817" classname="utils.Assesment"/>
  <system-out/>
</testsuite> <!-- utils.Assesment -->
