<?xml version="1.0" encoding="UTF-8"?>
<!-- Generated by org.testng.reporters.JUnitReportReporter -->
<testsuite skipped="0" hostname="DESKTOP-QCV819S" name="utils.xyz" tests="1" failures="0" timestamp="2022-06-07T00:24:11 IST" time="51.619" errors="0">
  <testcase name="a" time="51.619" classname="utils.xyz"/>
  <system-out/>
</testsuite> <!-- utils.xyz -->
